[0m[[0m[0mdebug[0m] [0m[0m> Exec(run 0, Some(f449ad8b-a99d-4a31-b86e-6aaf2d0e5a94), Some(CommandSource(console0)))[0m
[0m[[0m[0mdebug[0m] [0m[0mEvaluating tasks: Compile / run[0m
[0m[[0m[0mdebug[0m] [0m[0mRunning task... Cancel: Signal, check cycles: false, forcegc: true[0m
[0m[[0m[0mdebug[0m] [0m[0mjsonRpcNotify: JsonRpcNotificationMessage(2.0, build/taskStart, {"taskId":{"id":"10","parents":[]},"eventTime":1610786687688,"message":"Compiling root","dataKind":"compile-task","data":{"target":{"uri":"file:/home/max/PPC/Projet_code/Projet_code/#root/Compile"}}})[0m
[0m[[0m[0minfo[0m] [0m[0mcompiling 1 Scala source to /home/max/PPC/Projet_code/Projet_code/target/scala-2.11/classes ...[0m
[0m[[0m[0mdebug[0m] [0m[0mjsonRpcNotify: JsonRpcNotificationMessage(2.0, build/logMessage, {"type":3,"message":"compiling 1 Scala source to /home/max/PPC/Projet_code/Projet_code/target/scala-2.11/classes ..."})[0m
[0m[[0m[0mdebug[0m] [0m[0mjsonRpcNotify: JsonRpcNotificationMessage(2.0, build/publishDiagnostics, {"textDocument":{"uri":"file:///home/max/PPC/Projet_code/Projet_code/src/main/scala/Node.scala"},"buildTarget":{"uri":"file:/home/max/PPC/Projet_code/Projet_code/#root/Compile"},"diagnostics":[],"reset":true})[0m
[0m[[0m[0mdebug[0m] [0m[0mjsonRpcNotify: JsonRpcNotificationMessage(2.0, build/publishDiagnostics, {"textDocument":{"uri":"file:///home/max/PPC/Projet_code/Projet_code/src/main/scala/CheckerActor.scala"},"buildTarget":{"uri":"file:/home/max/PPC/Projet_code/Projet_code/#root/Compile"},"diagnostics":[],"reset":true})[0m
[0m[[0m[0mdebug[0m] [0m[0mjsonRpcNotify: JsonRpcNotificationMessage(2.0, build/publishDiagnostics, {"textDocument":{"uri":"file:///home/max/PPC/Projet_code/Projet_code/src/main/scala/BeatActor.scala"},"buildTarget":{"uri":"file:/home/max/PPC/Projet_code/Projet_code/#root/Compile"},"diagnostics":[],"reset":true})[0m
[0m[[0m[0mdebug[0m] [0m[0mjsonRpcNotify: JsonRpcNotificationMessage(2.0, build/publishDiagnostics, {"textDocument":{"uri":"file:///home/max/PPC/Projet_code/Projet_code/src/main/scala/Projet.scala"},"buildTarget":{"uri":"file:/home/max/PPC/Projet_code/Projet_code/#root/Compile"},"diagnostics":[],"reset":true})[0m
[0m[[0m[0mdebug[0m] [0m[0mjsonRpcNotify: JsonRpcNotificationMessage(2.0, build/publishDiagnostics, {"textDocument":{"uri":"file:///home/max/PPC/Projet_code/Projet_code/src/main/scala/DisplayActor.scala"},"buildTarget":{"uri":"file:/home/max/PPC/Projet_code/Projet_code/#root/Compile"},"diagnostics":[],"reset":true})[0m
[0m[[0m[0mdebug[0m] [0m[0mjsonRpcNotify: JsonRpcNotificationMessage(2.0, build/publishDiagnostics, {"textDocument":{"uri":"file:///home/max/PPC/Projet_code/Projet_code/src/main/scala/ElectionActor.scala"},"buildTarget":{"uri":"file:/home/max/PPC/Projet_code/Projet_code/#root/Compile"},"diagnostics":[],"reset":true})[0m
[0m[[0m[0mdebug[0m] [0m[0mjsonRpcNotify: JsonRpcNotificationMessage(2.0, build/taskFinish, {"taskId":{"id":"10","parents":[]},"eventTime":1610786688484,"message":"Compiled root","status":1,"dataKind":"compile-report","data":{"target":{"uri":"file:/home/max/PPC/Projet_code/Projet_code/#root/Compile"},"errors":0,"warnings":0,"time":796}})[0m
[0m[[0m[0mdebug[0m] [0m[0mjsonRpcNotify: JsonRpcNotificationMessage(2.0, build/logMessage, {"type":3,"message":"running (fork) upmc.akka.leader.Projet 0"})[0m
[0m[[0m[0mdebug[0m] [0m[0mjsonRpcNotify: JsonRpcNotificationMessage(2.0, build/logMessage, {"type":3,"message":"Node 0 is created"})[0m
[0m[[0m[0mdebug[0m] [0m[0mjsonRpcNotify: JsonRpcNotificationMessage(2.0, build/logMessage, {"type":3,"message":"I am the leader"})[0m
[0m[[0m[0mdebug[0m] [0m[0mjsonRpcNotify: JsonRpcNotificationMessage(2.0, build/logMessage, {"type":3,"message":"Nodes Alives (sync) : List()"})[0m
[0m[[0m[0mdebug[0m] [0m[0mjsonRpcNotify: JsonRpcNotificationMessage(2.0, build/logMessage, {"type":3,"message":"Nodes Alives (sync) : List(0)"})[0m
[0m[[0m[0mdebug[0m] [0m[0mjsonRpcNotify: JsonRpcNotificationMessage(2.0, build/logMessage, {"type":3,"message":"Nodes Alives (sync) : List(0)"})[0m
[0m[[0m[0mdebug[0m] [0m[0mjsonRpcNotify: JsonRpcNotificationMessage(2.0, build/logMessage, {"type":3,"message":"Nodes Alives (sync) : List(0, 1)"})[0m
[0m[[0m[0mdebug[0m] [0m[0mUnhandled request received: shutdown: JsonRpcRequestMessage(2.0, ♨20, shutdown, null})[0m
[0m[[0m[0mdebug[0m] [0m[0mjsonRpcNotify: JsonRpcNotificationMessage(2.0, shutdown, [true,null])[0m
[0m[[0m[0minfo[0m] [0m[0mshutting down sbt server[0m
