[0m[[0m[0mdebug[0m] [0m[0m> Exec(run 0, Some(d90bf30a-3b0a-40b6-a15b-87cf1e94dd37), Some(CommandSource(console0)))[0m
[0m[[0m[0mdebug[0m] [0m[0mEvaluating tasks: Compile / run[0m
[0m[[0m[0mdebug[0m] [0m[0mRunning task... Cancel: Signal, check cycles: false, forcegc: true[0m
[0m[[0m[0mdebug[0m] [0m[0mjsonRpcNotify: JsonRpcNotificationMessage(2.0, build/taskStart, {"taskId":{"id":"20","parents":[]},"eventTime":1610457258986,"message":"Compiling root","dataKind":"compile-task","data":{"target":{"uri":"file:/home/max/PPC/Projet_code/Projet_code/#root/Compile"}}})[0m
[0m[[0m[0minfo[0m] [0m[0mcompiling 1 Scala source to /home/max/PPC/Projet_code/Projet_code/target/scala-2.11/classes ...[0m
[0m[[0m[0mdebug[0m] [0m[0mjsonRpcNotify: JsonRpcNotificationMessage(2.0, build/logMessage, {"type":3,"message":"compiling 1 Scala source to /home/max/PPC/Projet_code/Projet_code/target/scala-2.11/classes ..."})[0m
[0m[[0m[0mdebug[0m] [0m[0mjsonRpcNotify: JsonRpcNotificationMessage(2.0, build/publishDiagnostics, {"textDocument":{"uri":"file:///home/max/PPC/Projet_code/Projet_code/src/main/scala/CheckerActor.scala"},"buildTarget":{"uri":"file:/home/max/PPC/Projet_code/Projet_code/#root/Compile"},"diagnostics":[{"range":{"start":{"line":29,"character":26},"end":{"line":29,"character":27}},"severity":1,"source":"sbt","message":"not found: value nodeId"}],"reset":false})[0m
[0m[[0m[31merror[0m] [0m[0m/home/max/PPC/Projet_code/Projet_code/src/main/scala/CheckerActor.scala:30:27: not found: value nodeId[0m
[0m[[0m[31merror[0m] [0m[0m             nodesAlive = nodeId::nodesAlive[0m
[0m[[0m[31merror[0m] [0m[0m                          ^[0m
[0m[[0m[0mdebug[0m] [0m[0mjsonRpcNotify: JsonRpcNotificationMessage(2.0, build/logMessage, {"type":1,"message":"/home/max/PPC/Projet_code/Projet_code/src/main/scala/CheckerActor.scala:30:27: not found: value nodeId"})[0m
[0m[[0m[0mdebug[0m] [0m[0mjsonRpcNotify: JsonRpcNotificationMessage(2.0, build/logMessage, {"type":1,"message":"             nodesAlive = nodeId::nodesAlive"})[0m
[0m[[0m[0mdebug[0m] [0m[0mjsonRpcNotify: JsonRpcNotificationMessage(2.0, build/logMessage, {"type":1,"message":"                          ^"})[0m
[0m[[0m[31merror[0m] [0m[0mone error found[0m
[0m[[0m[0mdebug[0m] [0m[0mjsonRpcNotify: JsonRpcNotificationMessage(2.0, build/logMessage, {"type":1,"message":"one error found"})[0m
[0m[[0m[0mdebug[0m] [0m[0mjsonRpcNotify: JsonRpcNotificationMessage(2.0, build/publishDiagnostics, {"textDocument":{"uri":"file:///home/max/PPC/Projet_code/Projet_code/src/main/scala/BeatActor.scala"},"buildTarget":{"uri":"file:/home/max/PPC/Projet_code/Projet_code/#root/Compile"},"diagnostics":[],"reset":true})[0m
[0m[[0m[0mdebug[0m] [0m[0mjsonRpcNotify: JsonRpcNotificationMessage(2.0, build/publishDiagnostics, {"textDocument":{"uri":"file:///home/max/PPC/Projet_code/Projet_code/src/main/scala/ElectionActor.scala"},"buildTarget":{"uri":"file:/home/max/PPC/Projet_code/Projet_code/#root/Compile"},"diagnostics":[],"reset":true})[0m
[0m[[0m[0mdebug[0m] [0m[0mjsonRpcNotify: JsonRpcNotificationMessage(2.0, build/publishDiagnostics, {"textDocument":{"uri":"file:///home/max/PPC/Projet_code/Projet_code/src/main/scala/CheckerActor.scala"},"buildTarget":{"uri":"file:/home/max/PPC/Projet_code/Projet_code/#root/Compile"},"diagnostics":[{"range":{"start":{"line":29,"character":26},"end":{"line":29,"character":27}},"severity":1,"source":"sbt","message":"not found: value nodeId"}],"reset":true})[0m
[0m[[0m[0mdebug[0m] [0m[0mjsonRpcNotify: JsonRpcNotificationMessage(2.0, build/publishDiagnostics, {"textDocument":{"uri":"file:///home/max/PPC/Projet_code/Projet_code/src/main/scala/Projet.scala"},"buildTarget":{"uri":"file:/home/max/PPC/Projet_code/Projet_code/#root/Compile"},"diagnostics":[],"reset":true})[0m
[0m[[0m[0mdebug[0m] [0m[0mjsonRpcNotify: JsonRpcNotificationMessage(2.0, build/publishDiagnostics, {"textDocument":{"uri":"file:///home/max/PPC/Projet_code/Projet_code/src/main/scala/DisplayActor.scala"},"buildTarget":{"uri":"file:/home/max/PPC/Projet_code/Projet_code/#root/Compile"},"diagnostics":[],"reset":true})[0m
[0m[[0m[0mdebug[0m] [0m[0mjsonRpcNotify: JsonRpcNotificationMessage(2.0, build/publishDiagnostics, {"textDocument":{"uri":"file:///home/max/PPC/Projet_code/Projet_code/src/main/scala/Node.scala"},"buildTarget":{"uri":"file:/home/max/PPC/Projet_code/Projet_code/#root/Compile"},"diagnostics":[],"reset":true})[0m
[0m[[0m[0mdebug[0m] [0m[0mjsonRpcNotify: JsonRpcNotificationMessage(2.0, build/taskFinish, {"taskId":{"id":"20","parents":[]},"eventTime":1610457259183,"message":"Compiled root","status":2,"dataKind":"compile-report","data":{"target":{"uri":"file:/home/max/PPC/Projet_code/Projet_code/#root/Compile"},"errors":1,"warnings":0,"time":197}})[0m
[0m[[0m[31merror[0m] [0m[0m(Compile / [31mcompileIncremental[0m) Compilation failed[0m
[0m[[0m[0mdebug[0m] [0m[0mjsonRpcNotify: JsonRpcNotificationMessage(2.0, build/logMessage, {"type":1,"message":"(Compile / \u001b[31mcompileIncremental\u001b[0m) Compilation failed"})[0m
[0m[[0m[31merror[0m] [0m[0mTotal time: 0 s, completed 12 janv. 2021 14:14:19[0m
[0m[[0m[0mdebug[0m] [0m[0m> Exec(shell, None, None)[0m
