[0m[[0m[0mdebug[0m] [0m[0m> Exec(run 0, Some(b1ed02f1-aa07-44ad-b9e7-46feb9de55b9), Some(CommandSource(console0)))[0m
[0m[[0m[0mdebug[0m] [0m[0mEvaluating tasks: Compile / run[0m
[0m[[0m[0mdebug[0m] [0m[0mRunning task... Cancel: Signal, check cycles: false, forcegc: true[0m
[0m[[0m[0minfo[0m] [0m[0mcompiling 2 Scala sources to /home/max/PPC/Projet_code/Projet_code/target/scala-2.11/classes ...[0m
[0m[[0m[31merror[0m] [0m[0m/home/max/PPC/Projet_code/Projet_code/src/main/scala/CheckerActor.scala:49:14: not found: value s[0m
[0m[[0m[31merror[0m] [0m[0m             s//chedulerActorSystem.scheduler.scheduleOnce(50 milliseconds, self, father ! IsAlive(this.id))[0m
[0m[[0m[31merror[0m] [0m[0m             ^[0m
[0m[[0m[31merror[0m] [0m[0m/home/max/PPC/Projet_code/Projet_code/src/main/scala/Projet.scala:34:44: value milliseconds is not a member of Int[0m
[0m[[0m[31merror[0m] [0m[0m          system.scheduler.scheduleOnce(50 milliseconds, self, "hello")[0m
[0m[[0m[31merror[0m] [0m[0m                                           ^[0m
[0m[[0m[31merror[0m] [0m[0m/home/max/PPC/Projet_code/Projet_code/src/main/scala/Projet.scala:34:58: not found: value self[0m
[0m[[0m[31merror[0m] [0m[0m          system.scheduler.scheduleOnce(50 milliseconds, self, "hello")[0m
[0m[[0m[31merror[0m] [0m[0m                                                         ^[0m
[0m[[0m[31merror[0m] [0m[0mthree errors found[0m
[0m[[0m[31merror[0m] [0m[0m(Compile / [31mcompileIncremental[0m) Compilation failed[0m
[0m[[0m[31merror[0m] [0m[0mTotal time: 0 s, completed 29 janv. 2021 14:00:10[0m
[0m[[0m[0mdebug[0m] [0m[0m> Exec(shell, None, None)[0m
[0m[[0m[0mdebug[0m] [0m[0mForcing garbage collection...[0m
[0m[[0m[0mdebug[0m] [0m[0mjsonRpcNotify: JsonRpcNotificationMessage(2.0, shutdown, [false,null])[0m
[0m[[0m[0mdebug[0m] [0m[0mjsonRpcNotify: JsonRpcNotificationMessage(2.0, shutdown, [false,null])[0m
[0m[[0m[0mdebug[0m] [0m[0mjsonRpcNotify: JsonRpcNotificationMessage(2.0, shutdown, [false,null])[0m
[0m[[0m[0mdebug[0m] [0m[0mjsonRpcNotify: JsonRpcNotificationMessage(2.0, shutdown, [false,null])[0m
[0m[[0m[0mdebug[0m] [0m[0mjsonRpcNotify: JsonRpcNotificationMessage(2.0, shutdown, [false,null])[0m
[0m[[0m[0mdebug[0m] [0m[0mjsonRpcNotify: JsonRpcNotificationMessage(2.0, shutdown, [true,null])[0m
[0m[[0m[0mdebug[0m] [0m[0mjsonRpcNotify: JsonRpcNotificationMessage(2.0, shutdown, [true,null])[0m
[0m[[0m[0mdebug[0m] [0m[0mjsonRpcNotify: JsonRpcNotificationMessage(2.0, shutdown, [true,null])[0m
[0m[[0m[0mdebug[0m] [0m[0mjsonRpcNotify: JsonRpcNotificationMessage(2.0, shutdown, [true,null])[0m
[0m[[0m[0mdebug[0m] [0m[0mjsonRpcNotify: JsonRpcNotificationMessage(2.0, shutdown, [true,null])[0m
[0m[[0m[0minfo[0m] [0m[0mshutting down sbt server[0m
